This is pdfTeXk, Version 3.141592-1.40.3 (Web2C 7.5.6) (format=pdflatex 2012.6.21)  22 JUN 2012 16:21
entering extended mode
 %&-line parsing enabled.
**main.tex
(./main.tex
LaTeX2e <2005/12/01>
Babel <v3.8h> and hyphenation patterns for english, usenglishmax, dumylang, noh
yphenation, arabic, basque, bulgarian, coptic, welsh, czech, slovak, german, ng
erman, danish, esperanto, spanish, catalan, galician, estonian, farsi, finnish,
 french, greek, monogreek, ancientgreek, croatian, hungarian, interlingua, ibyc
us, indonesian, icelandic, italian, latin, mongolian, dutch, norsk, polish, por
tuguese, pinyin, romanian, russian, slovenian, uppersorbian, serbian, swedish, 
turkish, ukenglish, ukrainian, loaded.
(/usr/share/texmf/tex/latex/base/book.cls
Document Class: book 2005/09/16 v1.4f Standard LaTeX document class
(/usr/share/texmf/tex/latex/base/bk10.clo
File: bk10.clo 2005/09/16 v1.4f Standard LaTeX file (size option)
)
\c@part=\count79
\c@chapter=\count80
\c@section=\count81
\c@subsection=\count82
\c@subsubsection=\count83
\c@paragraph=\count84
\c@subparagraph=\count85
\c@figure=\count86
\c@table=\count87
\abovecaptionskip=\skip41
\belowcaptionskip=\skip42
\bibindent=\dimen102
)
(/usr/share/texmf/tex/latex/ltxmisc/url.sty
\Urlmuskip=\muskip10
Package: url 2005/06/27  ver 3.2  Verb mode for urls, etc.
)
(/usr/share/texmf/tex/latex/paralist/paralist.sty
Package: paralist 2002/03/18 v2.3b Extended list environments (BS)
\pltopsep=\skip43
\plpartopsep=\skip44
\plitemsep=\skip45
\plparsep=\skip46
\pl@lab=\toks14
)
(/usr/share/texmf/tex/latex/fancyhdr/fancyhdr.sty
\fancy@headwidth=\skip47
\f@ncyO@elh=\skip48
\f@ncyO@erh=\skip49
\f@ncyO@olh=\skip50
\f@ncyO@orh=\skip51
\f@ncyO@elf=\skip52
\f@ncyO@erf=\skip53
\f@ncyO@olf=\skip54
\f@ncyO@orf=\skip55
)
(/usr/share/texmf/tex/latex/xcolor/xcolor.sty
Package: xcolor 2007/01/21 v2.11 LaTeX color extensions (UK)

(/usr/share/texmf/tex/latex/config/color.cfg
File: color.cfg 2007/01/18 v1.5 color configuration of teTeX/TeXLive
)
Package xcolor Info: Driver file: pdftex.def on input line 225.

(/usr/share/texmf/tex/latex/pdftex-def/pdftex.def
File: pdftex.def 2007/01/08 v0.04d Graphics/color for pdfTeX
\Gread@gobject=\count88
)
Package xcolor Info: Model `cmy' substituted by `cmy0' on input line 1337.
Package xcolor Info: Model `hsb' substituted by `rgb' on input line 1341.
Package xcolor Info: Model `RGB' extended on input line 1353.
Package xcolor Info: Model `HTML' substituted by `rgb' on input line 1355.
Package xcolor Info: Model `Hsb' substituted by `hsb' on input line 1356.
Package xcolor Info: Model `tHsb' substituted by `hsb' on input line 1357.
Package xcolor Info: Model `HSB' substituted by `hsb' on input line 1358.
Package xcolor Info: Model `Gray' substituted by `gray' on input line 1359.
Package xcolor Info: Model `wave' substituted by `hsb' on input line 1360.
)
(/usr/share/texmf/tex/latex/enumitem/enumitem.sty
Package: enumitem 2005/05/12 v1.1 Customized lists

(/usr/share/texmf/tex/latex/graphics/keyval.sty
Package: keyval 1999/03/16 v1.13 key=value parser (DPC)
\KV@toks@=\toks15
)
\labelindent=\skip56
\enit@outerparindent=\dimen103
)
(/usr/share/texmf/tex/latex/base/textcomp.sty
Package: textcomp 2005/09/27 v1.99g Standard LaTeX package
Package textcomp Info: Sub-encoding information:
(textcomp)               5 = only ISO-Adobe without \textcurrency
(textcomp)               4 = 5 + \texteuro
(textcomp)               3 = 4 + \textohm
(textcomp)               2 = 3 + \textestimated + \textcurrency
(textcomp)               1 = TS1 - \textcircled - \t
(textcomp)               0 = TS1 (full)
(textcomp)             Font families with sub-encoding setting implement
(textcomp)             only a restricted character set as indicated.
(textcomp)             Family '?' is the default used for unknown fonts.
(textcomp)             See the documentation for details.
Package textcomp Info: Setting ? sub-encoding to TS1/1 on input line 71.

(/usr/share/texmf/tex/latex/base/ts1enc.def
File: ts1enc.def 2001/06/05 v3.0e (jk/car/fm) Standard LaTeX file
)
LaTeX Info: Redefining \oldstylenums on input line 266.
Package textcomp Info: Setting cmr sub-encoding to TS1/0 on input line 281.
Package textcomp Info: Setting cmss sub-encoding to TS1/0 on input line 282.
Package textcomp Info: Setting cmtt sub-encoding to TS1/0 on input line 283.
Package textcomp Info: Setting cmvtt sub-encoding to TS1/0 on input line 284.
Package textcomp Info: Setting cmbr sub-encoding to TS1/0 on input line 285.
Package textcomp Info: Setting cmtl sub-encoding to TS1/0 on input line 286.
Package textcomp Info: Setting ccr sub-encoding to TS1/0 on input line 287.
Package textcomp Info: Setting ptm sub-encoding to TS1/4 on input line 288.
Package textcomp Info: Setting pcr sub-encoding to TS1/4 on input line 289.
Package textcomp Info: Setting phv sub-encoding to TS1/4 on input line 290.
Package textcomp Info: Setting ppl sub-encoding to TS1/3 on input line 291.
Package textcomp Info: Setting pag sub-encoding to TS1/4 on input line 292.
Package textcomp Info: Setting pbk sub-encoding to TS1/4 on input line 293.
Package textcomp Info: Setting pnc sub-encoding to TS1/4 on input line 294.
Package textcomp Info: Setting pzc sub-encoding to TS1/4 on input line 295.
Package textcomp Info: Setting bch sub-encoding to TS1/4 on input line 296.
Package textcomp Info: Setting put sub-encoding to TS1/5 on input line 297.
Package textcomp Info: Setting uag sub-encoding to TS1/5 on input line 298.
Package textcomp Info: Setting ugq sub-encoding to TS1/5 on input line 299.
Package textcomp Info: Setting ul8 sub-encoding to TS1/4 on input line 300.
Package textcomp Info: Setting ul9 sub-encoding to TS1/4 on input line 301.
Package textcomp Info: Setting augie sub-encoding to TS1/5 on input line 302.
Package textcomp Info: Setting dayrom sub-encoding to TS1/3 on input line 303.
Package textcomp Info: Setting dayroms sub-encoding to TS1/3 on input line 304.

Package textcomp Info: Setting pxr sub-encoding to TS1/0 on input line 305.
Package textcomp Info: Setting pxss sub-encoding to TS1/0 on input line 306.
Package textcomp Info: Setting pxtt sub-encoding to TS1/0 on input line 307.
Package textcomp Info: Setting txr sub-encoding to TS1/0 on input line 308.
Package textcomp Info: Setting txss sub-encoding to TS1/0 on input line 309.
Package textcomp Info: Setting txtt sub-encoding to TS1/0 on input line 310.
Package textcomp Info: Setting futs sub-encoding to TS1/4 on input line 311.
Package textcomp Info: Setting futx sub-encoding to TS1/4 on input line 312.
Package textcomp Info: Setting futj sub-encoding to TS1/4 on input line 313.
Package textcomp Info: Setting hlh sub-encoding to TS1/3 on input line 314.
Package textcomp Info: Setting hls sub-encoding to TS1/3 on input line 315.
Package textcomp Info: Setting hlst sub-encoding to TS1/3 on input line 316.
Package textcomp Info: Setting hlct sub-encoding to TS1/5 on input line 317.
Package textcomp Info: Setting hlx sub-encoding to TS1/5 on input line 318.
Package textcomp Info: Setting hlce sub-encoding to TS1/5 on input line 319.
Package textcomp Info: Setting hlcn sub-encoding to TS1/5 on input line 320.
Package textcomp Info: Setting hlcw sub-encoding to TS1/5 on input line 321.
Package textcomp Info: Setting hlcf sub-encoding to TS1/5 on input line 322.
Package textcomp Info: Setting pplx sub-encoding to TS1/3 on input line 323.
Package textcomp Info: Setting pplj sub-encoding to TS1/3 on input line 324.
Package textcomp Info: Setting ptmx sub-encoding to TS1/4 on input line 325.
Package textcomp Info: Setting ptmj sub-encoding to TS1/4 on input line 326.
)
(/usr/share/texmf/tex/latex/tools/verbatim.sty
Package: verbatim 2003/08/22 v1.5q LaTeX2e package for verbatim enhancements
\every@verbatim=\toks16
\verbatim@line=\toks17
\verbatim@in@stream=\read1
)
(/usr/share/texmf/tex/latex/tools/longtable.sty
Package: longtable 2004/02/01 v4.11 Multi-page Table package (DPC)
\LTleft=\skip57
\LTright=\skip58
\LTpre=\skip59
\LTpost=\skip60
\LTchunksize=\count89
\LTcapwidth=\dimen104
\LT@head=\box26
\LT@firsthead=\box27
\LT@foot=\box28
\LT@lastfoot=\box29
\LT@cols=\count90
\LT@rows=\count91
\c@LT@tables=\count92
\c@LT@chunks=\count93
\LT@p@ftn=\toks18
)
(/usr/share/texmf/tex/latex/tools/multicol.sty
Package: multicol 2006/05/18 v1.6g multicolumn formatting (FMi)
\c@tracingmulticols=\count94
\mult@box=\box30
\multicol@leftmargin=\dimen105
\c@unbalance=\count95
\c@collectmore=\count96
\doublecol@number=\count97
\multicoltolerance=\count98
\multicolpretolerance=\count99
\full@width=\dimen106
\page@free=\dimen107
\premulticols=\dimen108
\postmulticols=\dimen109
\multicolsep=\skip61
\multicolbaselineskip=\skip62
\partial@page=\box31
\last@line=\box32
\mult@rightbox=\box33
\mult@grightbox=\box34
\mult@gfirstbox=\box35
\mult@firstbox=\box36
\@tempa=\box37
\@tempa=\box38
\@tempa=\box39
\@tempa=\box40
\@tempa=\box41
\@tempa=\box42
\@tempa=\box43
\@tempa=\box44
\@tempa=\box45
\@tempa=\box46
\@tempa=\box47
\@tempa=\box48
\@tempa=\box49
\@tempa=\box50
\@tempa=\box51
\@tempa=\box52
\@tempa=\box53
\c@columnbadness=\count100
\c@finalcolumnbadness=\count101
\last@try=\dimen110
\multicolovershoot=\dimen111
\multicolundershoot=\dimen112
\mult@nat@firstbox=\box54
\colbreak@box=\box55
) (./xstring/xstring.sty
(./xstring/xstring.tex
\@xs@message=\write3
\integerpart=\count102
\decimalpart=\count103
)

LaTeX Warning: You have requested package `xstring/xstring',
               but the package provides `xstring'.

Package: xstring 2010/03/28  v1.5d  String manipulations (C Tellechea)
) (/usr/share/texmf/tex/latex/geometry/geometry.sty
Package: geometry 2002/07/08 v3.2 Page Geometry
\Gm@cnth=\count104
\Gm@cntv=\count105
\c@Gm@tempcnt=\count106
\Gm@bindingoffset=\dimen113
\Gm@wd@mp=\dimen114
\Gm@odd@mp=\dimen115
\Gm@even@mp=\dimen116
\Gm@dimlist=\toks19

(/usr/share/texmf/tex/xelatex/xetexconfig/geometry.cfg))
(/usr/share/texmf/tex/latex/tocloft/tocloft.sty
Package: tocloft 2003/09/26 v2.3c parameterised ToC, etc., typesetting


Package tocloft Note: The document has chapter divisions.

\cftparskip=\skip63
\cftbeforetoctitleskip=\skip64
\cftaftertoctitleskip=\skip65
\cftbeforepartskip=\skip66
\cftpartnumwidth=\skip67
\cftpartindent=\skip68
\cftbeforechapskip=\skip69
\cftchapindent=\skip70
\cftchapnumwidth=\skip71
\cftbeforesecskip=\skip72
\cftsecindent=\skip73
\cftsecnumwidth=\skip74
\cftbeforesubsecskip=\skip75
\cftsubsecindent=\skip76
\cftsubsecnumwidth=\skip77
\cftbeforesubsubsecskip=\skip78
\cftsubsubsecindent=\skip79
\cftsubsubsecnumwidth=\skip80
\cftbeforeparaskip=\skip81
\cftparaindent=\skip82
\cftparanumwidth=\skip83
\cftbeforesubparaskip=\skip84
\cftsubparaindent=\skip85
\cftsubparanumwidth=\skip86
\cftbeforeloftitleskip=\skip87
\cftafterloftitleskip=\skip88
\cftbeforefigskip=\skip89
\cftfigindent=\skip90
\cftfignumwidth=\skip91
\c@lofdepth=\count107
\c@lotdepth=\count108
\cftbeforelottitleskip=\skip92
\cftafterlottitleskip=\skip93
\cftbeforetabskip=\skip94
\cfttabindent=\skip95
\cfttabnumwidth=\skip96
) (/usr/share/texmf/tex/latex/base/fontenc.sty
Package: fontenc 2005/09/27 v1.99g Standard LaTeX package

(/usr/share/texmf/tex/latex/base/t1enc.def
File: t1enc.def 2005/09/27 v1.99g Standard LaTeX file
LaTeX Font Info:    Redeclaring font encoding T1 on input line 43.
)) (./main.aux)
\openout1 = `main.aux'.

LaTeX Font Info:    Checking defaults for OML/cmm/m/it on input line 46.
LaTeX Font Info:    ... okay on input line 46.
LaTeX Font Info:    Checking defaults for T1/cmr/m/n on input line 46.
LaTeX Font Info:    ... okay on input line 46.
LaTeX Font Info:    Checking defaults for OT1/cmr/m/n on input line 46.
LaTeX Font Info:    ... okay on input line 46.
LaTeX Font Info:    Checking defaults for OMS/cmsy/m/n on input line 46.
LaTeX Font Info:    ... okay on input line 46.
LaTeX Font Info:    Checking defaults for OMX/cmex/m/n on input line 46.
LaTeX Font Info:    ... okay on input line 46.
LaTeX Font Info:    Checking defaults for U/cmr/m/n on input line 46.
LaTeX Font Info:    ... okay on input line 46.
LaTeX Font Info:    Checking defaults for TS1/cmr/m/n on input line 46.
LaTeX Font Info:    Try loading font information for TS1+cmr on input line 46.

(/usr/share/texmf/tex/latex/base/ts1cmr.fd
File: ts1cmr.fd 1999/05/25 v2.5h Standard LaTeX font definitions
)
LaTeX Font Info:    ... okay on input line 46.

(/usr/share/texmf/tex/context/base/supp-pdf.tex
[Loading MPS to PDF converter (version 2006.09.02).]
\scratchcounter=\count109
\scratchdimen=\dimen117
\scratchbox=\box56
\nofMPsegments=\count110
\nofMParguments=\count111
\MPscratchCnt=\count112
\MPscratchDim=\dimen118
\MPnumerator=\count113
\everyMPtoPDFconversion=\toks20
)
-------------------- Geometry parameters
paper: class default
landscape: --
twocolumn: --
twoside: true
asymmetric: --
h-parts: 72.26999pt, 469.75502pt, 72.26999pt
v-parts: 72.26999pt, 650.43001pt, 72.26999pt
hmarginratio: --
vmarginratio: --
lines: --
heightrounded: --
bindingoffset: 0.0pt
truedimen: --
includehead: --
includefoot: --
includemp: --
driver: pdftex
-------------------- Page layout dimensions and switches
\paperwidth  614.295pt
\paperheight 794.96999pt
\textwidth  469.75502pt
\textheight 650.43001pt
\oddsidemargin  0.0pt
\evensidemargin 0.0pt
\topmargin  -30.06749pt
\headheight 12.0pt
\headsep    18.06749pt
\footskip   25.29494pt
\marginparwidth 125.0pt
\marginparsep   7.0pt
\columnsep  10.0pt
\skip\footins  9.0pt plus 4.0pt minus 2.0pt
\hoffset 0.0pt
\voffset 0.0pt
\mag 1000
\@twosidetrue \@mparswitchtrue 
(1in=72.27pt, 1cm=28.45pt)
-----------------------
 (./preamble.tex
LaTeX Font Info:    Try loading font information for T1+cmtt on input line 1.
 (/usr/share/texmf/tex/latex/base/t1cmtt.fd
File: t1cmtt.fd 1999/05/25 v2.5h Standard LaTeX font definitions
)
LaTeX Font Info:    External font `cmex10' loaded for size
(Font)              <7> on input line 22.
LaTeX Font Info:    External font `cmex10' loaded for size
(Font)              <5> on input line 22.
) [1{/usr/share/texmf/fonts/map/pdftex/updmap/pdftex.map}

] [2

] (./main.toc)
\tf@toc=\write4
\openout4 = `main.toc'.

 [3] [4

]
(./introduction.tex
LaTeX Font Info:    Try loading font information for T1+cmss on input line 12.
 (/usr/share/texmf/tex/latex/base/t1cmss.fd
File: t1cmss.fd 1999/05/25 v2.5h Standard LaTeX font definitions
)

LaTeX Warning: Reference `suit' on page 5 undefined on input line 12.


LaTeX Warning: Reference `kludge' on page 5 undefined on input line 20.


Underfull \vbox (badness 10000) has occurred while \output is active []

 [5]

LaTeX Warning: Reference `Appendix-A' on page 6 undefined on input line 60.


LaTeX Warning: Reference `Appendix-B' on page 6 undefined on input line 61.


LaTeX Warning: Reference `Bibliography' on page 6 undefined on input line 61.

) [6] (./a-few-terms.tex

LaTeX Warning: Reference `Jargon-Construction' on page 7 undefined on input lin
e 23.

[7

]

LaTeX Warning: Reference `kluge' on page 8 undefined on input line 43.

) [8] (./revision-history.tex

LaTeX Warning: Reference `moby' on page 9 undefined on input line 7.


LaTeX Warning: Reference `TWENEX' on page 9 undefined on input line 41.


LaTeX Warning: Reference `ITS' on page 9 undefined on input line 41.


Underfull \vbox (badness 10000) has occurred while \output is active []

 [9

]

LaTeX Warning: Reference `TWENEX' on page 10 undefined on input line 44.


LaTeX Warning: Reference `Some-AI-Koans' on page 10 undefined on input line 54.



LaTeX Warning: Reference `Appendix-A' on page 10 undefined on input line 54.


LaTeX Warning: Reference `Usenet' on page 10 undefined on input line 70.


Underfull \vbox (badness 10000) has occurred while \output is active []

 [10]
Underfull \vbox (badness 10000) has occurred while \output is active []

 [11])
[12] [13

] [14] (./jargon-construction.tex

LaTeX Warning: Reference `win' on page 15 undefined on input line 25.


LaTeX Warning: Reference `lose' on page 15 undefined on input line 25.


LaTeX Warning: Reference `hack' on page 15 undefined on input line 25.


LaTeX Warning: Reference `Usenet' on page 15 undefined on input line 37.

[15

]

LaTeX Warning: Reference `T' on page 16 undefined on input line 84.


LaTeX Warning: Reference `NIL' on page 16 undefined on input line 85.

[16] [17]

LaTeX Warning: Reference `meeces' on page 18 undefined on input line 182.


LaTeX Warning: Reference `VAXen' on page 18 undefined on input line 185.


LaTeX Warning: Reference `Unix' on page 18 undefined on input line 188.


LaTeX Warning: Reference `TWENEX' on page 18 undefined on input line 188.

[18]

LaTeX Warning: Reference `lossage' on page 19 undefined on input line 242.

) [19] [20

] (./hacker-writing-style.tex

LaTeX Warning: Reference `vi' on page 21 undefined on input line 16.

[21]

LaTeX Warning: Reference `lossage' on page 22 undefined on input line 51.


LaTeX Warning: Reference `talk-mode' on page 22 undefined on input line 64.


LaTeX Warning: Reference `random' on page 22 undefined on input line 84.

[22]

LaTeX Warning: Reference `MUD' on page 23 undefined on input line 133.

[23]

LaTeX Warning: Reference `random' on page 24 undefined on input line 193.

[24]) [25] [26

] (./email-quotes.tex

LaTeX Warning: Reference `holy-wars' on page 27 undefined on input line 27.

[27]) [28] (./hacker-speech-style.tex

LaTeX Warning: Reference `mu' on page 29 undefined on input line 26.

) [29

] [30

] (./international-style.tex) [31] [32

] (./lamer-speak.tex

LaTeX Warning: Reference `warez-d00dz' on page 33 undefined on input line 3.


LaTeX Warning: Reference `warez-d00dz' on page 33 undefined on input line 10.


LaTeX Warning: Reference `lamer' on page 33 undefined on input line 41.


LaTeX Warning: Reference `leech' on page 33 undefined on input line 41.


LaTeX Warning: Reference `poser' on page 33 undefined on input line 41.


LaTeX Warning: Reference `warez-d00dz' on page 33 undefined on input line 42.

[33]) [34] [35

] [36] (./pronunciation-guide.tex [37

]) [38]
(./other-lexicon-conventions.tex [39

]

LaTeX Warning: Reference `Usenet' on page 40 undefined on input line 132.


LaTeX Warning: Reference `Unix' on page 40 undefined on input line 143.


LaTeX Warning: Reference `PDP-10' on page 40 undefined on input line 143.

[40]) [41] [42

] (./format-for-new-entries.tex) [43] [44

] [45] [46

] [47]
[48

] (./entries/b.tex (./entries/b/b1ff.tex) (./entries/b/barf.tex)
(./entries/b/bboard.tex) (./entries/b/bbs.tex) (./entries/b/beam.tex)
(./entries/b/bignum.tex) (./entries/b/bnf.tex) (./entries/b/boxen.tex)
(./entries/b/brain-damaged.tex) (./entries/b/burble.tex)) [49] [50

]
(./entries/c.tex (./entries/c/chomp.tex) (./entries/c/commonwealth-hackish.tex)
(./entries/c/core.tex) (./entries/c/cracker.tex) (./entries/c/crock.tex)
(./entries/c/cruft.tex) (./entries/c/cuspy.tex)) [51] [52

] (./entries/d.tex
(./entries/d/datamation.tex) (./entries/d/dec.tex) (./entries/d/droid.tex))
[53] [54

] (./entries/e.tex (./entries/e/elegant.tex) (./entries/e/elite.tex)
(./entries/e/email.tex)) [55] [56

] (./entries/f.tex (./entries/f/fidonet.tex)
(./entries/f/flamage.tex) (./entries/f/flame.tex) (./entries/f/flavorful.tex)
(./entries/f/foo.tex) (./entries/f/foobar.tex) (./entries/f/frob.tex

LaTeX Warning: Reference `TMRC' on page 57 undefined on input line 6.


LaTeX Warning: Reference `MUD' on page 57 undefined on input line 10.


LaTeX Warning: Reference `MUD' on page 57 undefined on input line 10.


LaTeX Warning: Reference `wizard' on page 57 undefined on input line 11.

) (./entries/f/frobnicate.tex) (./entries/f/frobnitz.tex) (./entries/f/ftp.tex)
) [57] [58

] (./entries/g.tex (./entries/g/gosperism.tex) (./entries/g/grep.tex)) [59] [60

] (./entries/h.tex (./entries/h/hack.tex) (./entries/h/hcf.tex

LaTeX Warning: Reference `toggle' on page 61 undefined on input line 5.


LaTeX Warning: Reference `killer-poke' on page 61 undefined on input line 6.


Overfull \hbox (42.13225pt too wide) in paragraph at lines 9--16
[]\T1/cmtt/m/n/10 Once upon a time there was a machine called the Compucolor II
. It was made by Intecolor,
 []


Overfull \hbox (0.1425pt too wide) in paragraph at lines 9--16
\T1/cmtt/m/n/10 a terminal manufacturer, and was deliberately crippled to keep 
it from competing
 []


Overfull \hbox (5.39122pt too wide) in paragraph at lines 9--16
\T1/cmtt/m/n/10 with their terminals. They apparently were able to save about $
50 in hardware by
 []


Overfull \hbox (31.63481pt too wide) in paragraph at lines 9--16
\T1/cmtt/m/n/10 giving the software more control over it, and cutting safety ma
rgins. The file system
 []


Overfull \hbox (15.88866pt too wide) in paragraph at lines 9--16
\T1/cmtt/m/n/10 required al files be contiguous on disk: when you deleted a fil
e it compressed the
 []


Overfull \hbox (10.63994pt too wide) in paragraph at lines 9--16
\T1/cmtt/m/n/10 rest of the disk, using video RAM as a temporary buffer. Amusin
g, maybe. But not
 []


Overfull \hbox (15.88866pt too wide) in paragraph at lines 17--22
[]\T1/cmtt/m/n/10 OK, if you executed the following BASIC program, the display 
would vanish, it would
 []


Overfull \hbox (31.63481pt too wide) in paragraph at lines 17--22
\T1/cmtt/m/n/10 make weird "singing" noises, and a burned smell would be immedi
ately obvious. Turning
 []


Overfull \hbox (5.39122pt too wide) in paragraph at lines 17--22
\T1/cmtt/m/n/10 off the power switch didn't have any effect: you have to pull t
he plug. Whether
 []

LaTeX Font Info:    External font `cmex10' loaded for size
(Font)              <9> on input line 31.
LaTeX Font Info:    External font `cmex10' loaded for size
(Font)              <6> on input line 31.
) (./entries/h/high-moby.tex) (./entries/h/holy-wars.tex)) [61] [62

]
(./entries/i.tex (./entries/i/its.tex

LaTeX Warning: Reference `high-moby' on page 63 undefined on input line 9.


LaTeX Warning: Reference `troglodyte-2' on page 63 undefined on input line 11.


LaTeX Warning: Reference `Unix' on page 63 undefined on input line 13.


LaTeX Warning: Reference `holy-wars' on page 63 undefined on input line 13.


LaTeX Warning: Reference `Weenix' on page 63 undefined on input line 13.

)) [63] [64

] [65] [66

] (./entries/k.tex (./entries/k/killer poke.tex)
(./entries/k/kludge.tex) (./entries/k/kluge.tex

LaTeX Warning: Reference `rude' on page 67 undefined on input line 9.


LaTeX Warning: Reference `old-fart' on page 67 undefined on input line 12.


LaTeX Warning: Reference `TMRC' on page 67 undefined on input line 18.


LaTeX Warning: Reference `TMRC' on page 67 undefined on input line 18.


LaTeX Warning: Reference `kludge' on page 67 undefined on input line 20.


LaTeX Warning: Reference `kludge' on page 67 undefined on input line 20.


LaTeX Warning: Reference `kluge' on page 67 undefined on input line 20.

[67])) [68] (./entries/l.tex (./entries/l/lamer.tex) (./entries/l/leech.tex)
(./entries/l/lose.tex) (./entries/l/lossage.tex)) [69

] [70

] (./entries/m.tex
(./entries/m/management.tex) (./entries/m/meeces.tex) (./entries/m/moby.tex

LaTeX Warning: Reference `Appendix-A' on page 71 undefined on input line 9.

) (./entries/m/mu.tex) (./entries/m/mud.tex)) [71] [72

] (./entries/n.tex
(./entries/n/newsgroup.tex) (./entries/n/nil.tex)) [73] [74

] (./entries/p.tex
(./entries/p/pdp-10.tex) (./entries/p/phb.tex) (./entries/p/pointy-haired.tex)
(./entries/p/poser.tex)) [75] [76

] (./entries/r.tex (./entries/r/random.tex)
(./entries/r/rude.tex)) [77] [78

] [79] [80

] [81] [82

] [83] [84

]
(./entries/t.tex (./entries/t/t.tex) (./entries/t/talk-mode.tex)
(./entries/t/tmrc.tex) (./entries/t/toggle.tex) (./entries/t/troglodyte.tex)
(./entries/t/twenex.tex

LaTeX Warning: Reference `ITS' on page 85 undefined on input line 4.


LaTeX Warning: Reference `WAITS' on page 85 undefined on input line 4.


LaTeX Warning: Reference `VMS' on page 85 undefined on input line 17.

)) [85] [86

] (./entries/u.tex (./entries/u/unix.tex) (./entries/u/usenet.tex

LaTeX Warning: Reference `newsgroup' on page 87 undefined on input line 6.


LaTeX Warning: Reference `UUCPNET' on page 87 undefined on input line 10.

) (./entries/u/uucpnet.tex)) [87] [88

] (./entries/v.tex (./entries/v/vaxen.tex) (./entries/v/vi.tex) (./entries/v/vm
s.tex)) [89] [90

] (./entries/w.tex
(./entries/w/waits.tex) (./entries/w/weenix.tex) (./entries/w/win.tex)
(./entries/w/wizard.tex) (./entries/w/warez-d00dz.tex)) [91] [92

] [93] [94

]
[95] [96

]

LaTeX Warning: Reference `pointy-haired' on page 97 undefined on input line 153
.


LaTeX Warning: Reference `management' on page 97 undefined on input line 153.


LaTeX Warning: Reference `Stupids' on page 97 undefined on input line 153.


LaTeX Warning: Reference `SNAFU-principle' on page 97 undefined on input line 1
53.


LaTeX Warning: Reference `PHB' on page 97 undefined on input line 153.

[97] [98

] (./appendix-a.tex [99]) [100] [101

] [102

] [103] [104

] [105]
(./main.aux)

LaTeX Warning: There were undefined references.


LaTeX Warning: Label(s) may have changed. Rerun to get cross-references right.

 ) 
Here is how much of TeX's memory you used:
 3889 strings out of 256216
 51133 string characters out of 1917072
 108292 words of memory out of 1500000
 6803 multiletter control sequences out of 10000+200000
 21697 words of font info for 43 fonts, out of 1200000 for 2000
 645 hyphenation exceptions out of 8191
 28i,11n,43p,894b,368s stack positions out of 5000i,500n,6000p,200000b,15000s
 </home/jason/.texlive2007/texmf-var/fonts/pk/ljfour/jknappen/ec/ecbx0900.600
pk> </home/jason/.texlive2007/texmf-var/fonts/pk/ljfour/jknappen/ec/ectt0900.60
0pk> </home/jason/.texlive2007/texmf-var/fonts/pk/ljfour/jknappen/ec/ecti0900.6
00pk> </home/jason/.texlive2007/texmf-var/fonts/pk/ljfour/jknappen/ec/ecrm0900.
600pk> </home/jason/.texlive2007/texmf-var/fonts/pk/ljfour/jknappen/ec/ecss0800
.600pk> </home/jason/.texlive2007/texmf-var/fonts/pk/ljfour/jknappen/ec/ecss100
0.600pk> </home/jason/.texlive2007/texmf-var/fonts/pk/ljfour/jknappen/ec/ecsx10
00.600pk> </home/jason/.texlive2007/texmf-var/fonts/pk/ljfour/jknappen/ec/ecbx1
000.600pk> </home/jason/.texlive2007/texmf-var/fonts/pk/ljfour/jknappen/ec/ecbx
1440.600pk> </home/jason/.texlive2007/texmf-var/fonts/pk/ljfour/jknappen/ec/ecb
x2074.600pk> </home/jason/.texlive2007/texmf-var/fonts/pk/ljfour/jknappen/ec/tc
rm1000.600pk> </home/jason/.texlive2007/texmf-var/fonts/pk/ljfour/jknappen/ec/e
cbx0700.600pk> </home/jason/.texlive2007/texmf-var/fonts/pk/ljfour/jknappen/ec/
ecrm0700.600pk> </home/jason/.texlive2007/texmf-var/fonts/pk/ljfour/jknappen/ec
/ecsx0900.600pk> </home/jason/.texlive2007/texmf-var/fonts/pk/ljfour/jknappen/e
c/ecti1000.600pk> </home/jason/.texlive2007/texmf-var/fonts/pk/ljfour/jknappen/
ec/ecsl1000.600pk> </home/jason/.texlive2007/texmf-var/fonts/pk/ljfour/jknappen
/ec/ecbx2488.600pk> </home/jason/.texlive2007/texmf-var/fonts/pk/ljfour/jknappe
n/ec/ectt1000.600pk> </home/jason/.texlive2007/texmf-var/fonts/pk/ljfour/jknapp
en/ec/ecrm1000.600pk></usr/share/texmf/fonts/type1/bluesky/cm/cmmi10.pfb></usr/
share/texmf/fonts/type1/bluesky/cm/cmr10.pfb></usr/share/texmf/fonts/type1/blue
sky/cm/cmsy10.pfb></usr/share/texmf/fonts/type1/bluesky/cm/cmsy7.pfb>
Output written on main.pdf (105 pages, 357003 bytes).
PDF statistics:
 1017 PDF objects out of 1200 (max. 8388607)
 0 named destinations out of 1000 (max. 131072)
 1 words of extra memory for PDF output out of 10000 (max. 10000000)

